<testsuites name="jest tests" tests="1" failures="0" time="0.306">
  <testsuite name="undefined" errors="0" failures="0" skipped="0" timestamp="2021-05-02T15:13:37" time="0.306" tests="1">
    <testcase classname=" renders without crashing" name=" renders without crashing" time="0.025">
    </testcase>
  </testsuite>
</testsuites>